<?xml version="1.0" encoding="UTF-8"?>
<testng-results skipped="0" failed="0" ignored="0" total="1" passed="1">
  <reporter-output>
  </reporter-output>
  <suite name="Suite" duration-ms="4412" started-at="2022-06-11T15:56:47Z" finished-at="2022-06-11T15:56:52Z">
    <groups>
    </groups>
    <test name="Test" duration-ms="4412" started-at="2022-06-11T15:56:47Z" finished-at="2022-06-11T15:56:52Z">
      <class name="apiChaining.EndToEndTest">
        <test-method status="PASS" signature="test1()[pri:0, instance:apiChaining.EndToEndTest@7bc1a03d]" name="test1" duration-ms="4357" started-at="2022-06-11T15:56:47Z" finished-at="2022-06-11T15:56:52Z">
          <reporter-output>
          </reporter-output>
        </test-method> <!-- test1 -->
      </class> <!-- apiChaining.EndToEndTest -->
    </test> <!-- Test -->
  </suite> <!-- Suite -->
</testng-results>
