<?xml version="1.0" encoding="UTF-8"?>
<testng-results ignored="1" total="2" passed="1" failed="0" skipped="0">
  <reporter-output>
  </reporter-output>
  <suite started-at="2022-06-16T18:49:36Z" name="Default suite" finished-at="2022-06-16T18:49:41Z" duration-ms="4821">
    <groups>
    </groups>
    <test started-at="2022-06-16T18:49:36Z" name="Default test" finished-at="2022-06-16T18:49:41Z" duration-ms="4821">
      <class name="restAPIXML.XMLTest">
        <test-method signature="test2()[pri:0, instance:restAPIXML.XMLTest@3b8f0a79]" started-at="2022-06-16T18:49:36Z" name="test2" finished-at="2022-06-16T18:49:41Z" duration-ms="4765" status="PASS">
          <reporter-output>
          </reporter-output>
        </test-method> <!-- test2 -->
      </class> <!-- restAPIXML.XMLTest -->
    </test> <!-- Default test -->
  </suite> <!-- Default suite -->
</testng-results>
